<?xml version="1.0" encoding="UTF-8"?>
<testng-results ignored="0" total="1" passed="1" failed="0" skipped="0">
  <reporter-output>
  </reporter-output>
  <suite started-at="2021-06-25T21:52:14 GMT-04:00" name="Default suite" finished-at="2021-06-25T21:52:16 GMT-04:00" duration-ms="2214">
    <groups>
    </groups>
    <test started-at="2021-06-25T21:52:14 GMT-04:00" name="Default test" finished-at="2021-06-25T21:52:16 GMT-04:00" duration-ms="2214">
      <class name="sourav_final.class2">
        <test-method is-config="true" signature="setUpClass()[pri:0, instance:sourav_final.class2@1534f01b]" started-at="2021-06-25T21:52:14 GMT-04:00" name="setUpClass" finished-at="2021-06-25T21:52:14 GMT-04:00" duration-ms="4" status="PASS">
          <reporter-output>
          </reporter-output>
        </test-method> <!-- setUpClass -->
        <test-method signature="imagess()[pri:0, instance:sourav_final.class2@1534f01b]" started-at="2021-06-25T21:52:14 GMT-04:00" name="imagess" finished-at="2021-06-25T21:52:16 GMT-04:00" duration-ms="2186" status="PASS">
          <reporter-output>
          </reporter-output>
        </test-method> <!-- imagess -->
      </class> <!-- sourav_final.class2 -->
    </test> <!-- Default test -->
  </suite> <!-- Default suite -->
</testng-results>
